Using pre-set license
Built from '2021.3/staging' branch; Version is '2021.3.20f1 (577897200b8b) revision 5732503'; Using compiler version '192829333'; Build Type 'Release'
OS: 'Windows 10  (10.0.19045) 64bit Professional' Language: 'en' Physical Memory: 16332 MB
BatchMode: 1, IsHumanControllingUs: 0, StartBugReporterOnCrash: 0, Is64bit: 1, IsPro: 1

COMMAND LINE ARGUMENTS:
E:\Unity\2021.3.20f1\Editor\Unity.exe
-adb2
-batchMode
-noUpm
-name
AssetImportWorker0
-projectPath
E:/Unity Projects/LiNe/LiNe
-logFile
Logs/AssetImportWorker0.log
-srvPort
51280
Successfully changed project path to: E:/Unity Projects/LiNe/LiNe
E:/Unity Projects/LiNe/LiNe
[UnityMemory] Configuration Parameters - Can be set up in boot.config
    "memorysetup-bucket-allocator-granularity=16"
    "memorysetup-bucket-allocator-bucket-count=8"
    "memorysetup-bucket-allocator-block-size=33554432"
    "memorysetup-bucket-allocator-block-count=8"
    "memorysetup-main-allocator-block-size=16777216"
    "memorysetup-thread-allocator-block-size=16777216"
    "memorysetup-gfx-main-allocator-block-size=16777216"
    "memorysetup-gfx-thread-allocator-block-size=16777216"
    "memorysetup-cache-allocator-block-size=4194304"
    "memorysetup-typetree-allocator-block-size=2097152"
    "memorysetup-profiler-bucket-allocator-granularity=16"
    "memorysetup-profiler-bucket-allocator-bucket-count=8"
    "memorysetup-profiler-bucket-allocator-block-size=33554432"
    "memorysetup-profiler-bucket-allocator-block-count=8"
    "memorysetup-profiler-allocator-block-size=16777216"
    "memorysetup-profiler-editor-allocator-block-size=1048576"
    "memorysetup-temp-allocator-size-main=16777216"
    "memorysetup-job-temp-allocator-block-size=2097152"
    "memorysetup-job-temp-allocator-block-size-background=1048576"
    "memorysetup-job-temp-allocator-reduction-small-platforms=262144"
    "memorysetup-temp-allocator-size-background-worker=32768"
    "memorysetup-temp-allocator-size-job-worker=262144"
    "memorysetup-temp-allocator-size-preload-manager=33554432"
    "memorysetup-temp-allocator-size-nav-mesh-worker=65536"
    "memorysetup-temp-allocator-size-audio-worker=65536"
    "memorysetup-temp-allocator-size-cloud-worker=32768"
    "memorysetup-temp-allocator-size-gi-baking-worker=262144"
    "memorysetup-temp-allocator-size-gfx=262144"
Player connection [19156] Host "[IP] 192.168.1.10 [Port] 0 [Flags] 2 [Guid] 2283107469 [EditorId] 2283107469 [Version] 1048832 [Id] WindowsEditor(7,DESKTOP-7C1AVIR) [Debug] 1 [PackageName] WindowsEditor [ProjectName] Editor" joined multi-casting on [225.0.0.222:54997]...

Player connection [19156] Host "[IP] 192.168.1.10 [Port] 0 [Flags] 2 [Guid] 2283107469 [EditorId] 2283107469 [Version] 1048832 [Id] WindowsEditor(7,DESKTOP-7C1AVIR) [Debug] 1 [PackageName] WindowsEditor [ProjectName] Editor" joined alternative multi-casting on [225.0.0.222:34997]...

Refreshing native plugins compatible for Editor in 94.08 ms, found 2 plugins.
Preloading 0 native plugins for Editor in 0.00 ms.
Initialize engine version: 2021.3.20f1 (577897200b8b)
[Subsystems] Discovering subsystems at path E:/Unity/2021.3.20f1/Editor/Data/Resources/UnitySubsystems
[Subsystems] Discovering subsystems at path E:/Unity Projects/LiNe/LiNe/Assets
GfxDevice: creating device client; threaded=0; jobified=0
Direct3D:
    Version:  Direct3D 11.0 [level 11.1]
    Renderer: NVIDIA GeForce GTX 1650 SUPER (ID=0x2187)
    Vendor:   NVIDIA
    VRAM:     3943 MB
    Driver:   31.0.15.3734
Initialize mono
Mono path[0] = 'E:/Unity/2021.3.20f1/Editor/Data/Managed'
Mono path[1] = 'E:/Unity/2021.3.20f1/Editor/Data/MonoBleedingEdge/lib/mono/unityjit-win32'
Mono config path = 'E:/Unity/2021.3.20f1/Editor/Data/MonoBleedingEdge/etc'
Using monoOptions --debugger-agent=transport=dt_socket,embedding=1,server=y,suspend=n,address=127.0.0.1:56976
Begin MonoManager ReloadAssembly
Registering precompiled unity dll's ...
Register platform support module: E:/Unity/2021.3.20f1/Editor/Data/PlaybackEngines/AndroidPlayer/UnityEditor.Android.Extensions.dll
Register platform support module: E:/Unity/2021.3.20f1/Editor/Data/PlaybackEngines/WindowsStandaloneSupport/UnityEditor.WindowsStandalone.Extensions.dll
Registered in 0.003670 seconds.
Native extension for WindowsStandalone target not found
Native extension for Android target not found
Android Extension - Scanning For ADB Devices 377 ms
Refreshing native plugins compatible for Editor in 77.18 ms, found 2 plugins.
Preloading 0 native plugins for Editor in 0.00 ms.
Mono: successfully reloaded assembly
- Completed reload, in  1.230 seconds
Domain Reload Profiling:
	ReloadAssembly (1231ms)
		BeginReloadAssembly (131ms)
			ExecutionOrderSort (0ms)
			DisableScriptedObjects (0ms)
			BackupInstance (0ms)
			ReleaseScriptingObjects (0ms)
			CreateAndSetChildDomain (1ms)
		EndReloadAssembly (981ms)
			LoadAssemblies (130ms)
			RebuildTransferFunctionScriptingTraits (0ms)
			SetupTypeCache (136ms)
			ReleaseScriptCaches (0ms)
			RebuildScriptCaches (32ms)
			SetupLoadedEditorAssemblies (754ms)
				LogAssemblyErrors (0ms)
				InitializePlatformSupportModulesInManaged (496ms)
				SetLoadedEditorAssemblies (0ms)
				RefreshPlugins (77ms)
				BeforeProcessingInitializeOnLoad (1ms)
				ProcessInitializeOnLoadAttributes (127ms)
				ProcessInitializeOnLoadMethodAttributes (52ms)
				AfterProcessingInitializeOnLoad (0ms)
				EditorAssembliesLoaded (0ms)
			ExecutionOrderSort2 (0ms)
			AwakeInstancesAfterBackupRestoration (0ms)
Platform modules already initialized, skipping
Registering precompiled user dll's ...
Registered in 0.005285 seconds.
Begin MonoManager ReloadAssembly
Native extension for WindowsStandalone target not found
Native extension for Android target not found
Refreshing native plugins compatible for Editor in 76.40 ms, found 2 plugins.
Preloading 0 native plugins for Editor in 0.00 ms.
Mono: successfully reloaded assembly
- Completed reload, in  1.713 seconds
Domain Reload Profiling:
	ReloadAssembly (1714ms)
		BeginReloadAssembly (191ms)
			ExecutionOrderSort (0ms)
			DisableScriptedObjects (10ms)
			BackupInstance (0ms)
			ReleaseScriptingObjects (0ms)
			CreateAndSetChildDomain (28ms)
		EndReloadAssembly (1369ms)
			LoadAssemblies (153ms)
			RebuildTransferFunctionScriptingTraits (0ms)
			SetupTypeCache (298ms)
			ReleaseScriptCaches (1ms)
			RebuildScriptCaches (94ms)
			SetupLoadedEditorAssemblies (777ms)
				LogAssemblyErrors (0ms)
				InitializePlatformSupportModulesInManaged (19ms)
				SetLoadedEditorAssemblies (0ms)
				RefreshPlugins (76ms)
				BeforeProcessingInitializeOnLoad (86ms)
				ProcessInitializeOnLoadAttributes (495ms)
				ProcessInitializeOnLoadMethodAttributes (98ms)
				AfterProcessingInitializeOnLoad (3ms)
				EditorAssembliesLoaded (0ms)
			ExecutionOrderSort2 (0ms)
			AwakeInstancesAfterBackupRestoration (7ms)
Platform modules already initialized, skipping
========================================================================
Worker process is ready to serve import requests
Launched and connected shader compiler UnityShaderCompiler.exe after 0.08 seconds
Refreshing native plugins compatible for Editor in 0.70 ms, found 2 plugins.
Preloading 0 native plugins for Editor in 0.00 ms.
Unloading 3393 Unused Serialized files (Serialized files now loaded: 0)
Unloading 33 unused Assets / (404.8 KB). Loaded Objects now: 3878.
Memory consumption went from 171.0 MB to 170.6 MB.
Total: 5.070000 ms (FindLiveObjects: 0.320300 ms CreateObjectMapping: 0.102000 ms MarkObjects: 4.348300 ms  DeleteObjects: 0.298300 ms)

AssetImportParameters requested are different than current active one (requested -> active):
  custom:video-decoder-ogg-theora: a1e56fd34408186e4bbccfd4996cb3dc -> 
  custom:container-muxer-webm: aa71ff27fc2769a1b78a27578f13a17b -> 
  custom:container-demuxer-webm: 4f35f7cbe854078d1ac9338744f61a02 -> 
  custom:video-encoder-webm-vp8: eb34c28f22e8b96e1ab97ce403110664 -> 
  custom:audio-encoder-webm-vorbis: bf7c407c2cedff20999df2af8eb42d56 -> 
  custom:framework-win-MediaFoundation: 216162199b28c13a410421893ffa2e32 -> 
  custom:container-demuxer-ogg: 62fdf1f143b41e24485cea50d1cbac27 -> 
  custom:video-decoder-webm-vp8: 9c59270c3fd7afecdb556c50c9e8de78 -> 
  custom:audio-decoder-ogg-vorbis: bf7c407c2cedff20999df2af8eb42d56 -> 
========================================================================
Received Import Request.
  Time since last request: 34269.621504 seconds.
  path: Assets/_Scripts/Wave/ColomnData.cs
  artifactKey: Guid(afddaaf4af20c0c4c8047308c95b1677) Importer(815301076,1909f56bfc062723c751e8b465ee728b)
Start importing Assets/_Scripts/Wave/ColomnData.cs using Guid(afddaaf4af20c0c4c8047308c95b1677) Importer(815301076,1909f56bfc062723c751e8b465ee728b)  -> (artifact id: '092ff95d2421abc64ba3906bde14af8b') in 0.037598 seconds 
========================================================================
Received Import Request.
  Time since last request: 6.893130 seconds.
  path: Assets/_SCENES/Wave.unity
  artifactKey: Guid(3d499bae0009abe46996379cc9256af4) Importer(815301076,1909f56bfc062723c751e8b465ee728b)
Start importing Assets/_SCENES/Wave.unity using Guid(3d499bae0009abe46996379cc9256af4) Importer(815301076,1909f56bfc062723c751e8b465ee728b)  -> (artifact id: 'd59c73e0b8fc36f337457e3a6e46b3ac') in 0.007238 seconds 
========================================================================
Received Prepare
Registering precompiled user dll's ...
Registered in 0.005325 seconds.
Begin MonoManager ReloadAssembly
Native extension for WindowsStandalone target not found
Native extension for Android target not found
Refreshing native plugins compatible for Editor in 0.71 ms, found 2 plugins.
Preloading 0 native plugins for Editor in 0.00 ms.
Mono: successfully reloaded assembly
- Completed reload, in  1.397 seconds
Domain Reload Profiling:
	ReloadAssembly (1397ms)
		BeginReloadAssembly (184ms)
			ExecutionOrderSort (0ms)
			DisableScriptedObjects (9ms)
			BackupInstance (0ms)
			ReleaseScriptingObjects (0ms)
			CreateAndSetChildDomain (43ms)
		EndReloadAssembly (1102ms)
			LoadAssemblies (131ms)
			RebuildTransferFunctionScriptingTraits (0ms)
			SetupTypeCache (254ms)
			ReleaseScriptCaches (2ms)
			RebuildScriptCaches (72ms)
			SetupLoadedEditorAssemblies (611ms)
				LogAssemblyErrors (0ms)
				InitializePlatformSupportModulesInManaged (19ms)
				SetLoadedEditorAssemblies (0ms)
				RefreshPlugins (1ms)
				BeforeProcessingInitializeOnLoad (89ms)
				ProcessInitializeOnLoadAttributes (420ms)
				ProcessInitializeOnLoadMethodAttributes (78ms)
				AfterProcessingInitializeOnLoad (3ms)
				EditorAssembliesLoaded (0ms)
			ExecutionOrderSort2 (0ms)
			AwakeInstancesAfterBackupRestoration (7ms)
Platform modules already initialized, skipping
Refreshing native plugins compatible for Editor in 2.36 ms, found 2 plugins.
Preloading 0 native plugins for Editor in 0.00 ms.
Unloading 3254 Unused Serialized files (Serialized files now loaded: 0)
Unloading 22 unused Assets / (378.9 KB). Loaded Objects now: 3881.
Memory consumption went from 160.8 MB to 160.5 MB.
Total: 4.847000 ms (FindLiveObjects: 0.374700 ms CreateObjectMapping: 0.087700 ms MarkObjects: 4.133800 ms  DeleteObjects: 0.249400 ms)

AssetImportParameters requested are different than current active one (requested -> active):
  custom:video-decoder-ogg-theora: a1e56fd34408186e4bbccfd4996cb3dc -> 
  custom:container-muxer-webm: aa71ff27fc2769a1b78a27578f13a17b -> 
  custom:container-demuxer-webm: 4f35f7cbe854078d1ac9338744f61a02 -> 
  custom:video-encoder-webm-vp8: eb34c28f22e8b96e1ab97ce403110664 -> 
  custom:audio-encoder-webm-vorbis: bf7c407c2cedff20999df2af8eb42d56 -> 
  custom:framework-win-MediaFoundation: 216162199b28c13a410421893ffa2e32 -> 
  custom:container-demuxer-ogg: 62fdf1f143b41e24485cea50d1cbac27 -> 
  custom:video-decoder-webm-vp8: 9c59270c3fd7afecdb556c50c9e8de78 -> 
  custom:audio-decoder-ogg-vorbis: bf7c407c2cedff20999df2af8eb42d56 -> 
========================================================================
Received Prepare
Registering precompiled user dll's ...
Registered in 0.006155 seconds.
Begin MonoManager ReloadAssembly
Native extension for WindowsStandalone target not found
Native extension for Android target not found
Refreshing native plugins compatible for Editor in 1.28 ms, found 2 plugins.
Preloading 0 native plugins for Editor in 0.00 ms.
Mono: successfully reloaded assembly
- Completed reload, in  1.409 seconds
Domain Reload Profiling:
	ReloadAssembly (1410ms)
		BeginReloadAssembly (175ms)
			ExecutionOrderSort (0ms)
			DisableScriptedObjects (9ms)
			BackupInstance (0ms)
			ReleaseScriptingObjects (0ms)
			CreateAndSetChildDomain (38ms)
		EndReloadAssembly (1124ms)
			LoadAssemblies (127ms)
			RebuildTransferFunctionScriptingTraits (0ms)
			SetupTypeCache (259ms)
			ReleaseScriptCaches (2ms)
			RebuildScriptCaches (68ms)
			SetupLoadedEditorAssemblies (634ms)
				LogAssemblyErrors (0ms)
				InitializePlatformSupportModulesInManaged (18ms)
				SetLoadedEditorAssemblies (1ms)
				RefreshPlugins (1ms)
				BeforeProcessingInitializeOnLoad (90ms)
				ProcessInitializeOnLoadAttributes (437ms)
				ProcessInitializeOnLoadMethodAttributes (83ms)
				AfterProcessingInitializeOnLoad (3ms)
				EditorAssembliesLoaded (0ms)
			ExecutionOrderSort2 (0ms)
			AwakeInstancesAfterBackupRestoration (7ms)
Platform modules already initialized, skipping
Refreshing native plugins compatible for Editor in 2.51 ms, found 2 plugins.
Preloading 0 native plugins for Editor in 0.00 ms.
Unloading 3254 Unused Serialized files (Serialized files now loaded: 0)
Unloading 22 unused Assets / (378.9 KB). Loaded Objects now: 3884.
Memory consumption went from 160.8 MB to 160.5 MB.
Total: 4.633600 ms (FindLiveObjects: 0.262600 ms CreateObjectMapping: 0.075500 ms MarkObjects: 3.983300 ms  DeleteObjects: 0.310500 ms)

AssetImportParameters requested are different than current active one (requested -> active):
  custom:video-decoder-ogg-theora: a1e56fd34408186e4bbccfd4996cb3dc -> 
  custom:container-muxer-webm: aa71ff27fc2769a1b78a27578f13a17b -> 
  custom:container-demuxer-webm: 4f35f7cbe854078d1ac9338744f61a02 -> 
  custom:video-encoder-webm-vp8: eb34c28f22e8b96e1ab97ce403110664 -> 
  custom:audio-encoder-webm-vorbis: bf7c407c2cedff20999df2af8eb42d56 -> 
  custom:framework-win-MediaFoundation: 216162199b28c13a410421893ffa2e32 -> 
  custom:container-demuxer-ogg: 62fdf1f143b41e24485cea50d1cbac27 -> 
  custom:video-decoder-webm-vp8: 9c59270c3fd7afecdb556c50c9e8de78 -> 
  custom:audio-decoder-ogg-vorbis: bf7c407c2cedff20999df2af8eb42d56 -> 
========================================================================
Received Prepare
Registering precompiled user dll's ...
Registered in 0.004843 seconds.
Begin MonoManager ReloadAssembly
Native extension for WindowsStandalone target not found
Native extension for Android target not found
Refreshing native plugins compatible for Editor in 0.66 ms, found 2 plugins.
Preloading 0 native plugins for Editor in 0.00 ms.
Mono: successfully reloaded assembly
- Completed reload, in  1.395 seconds
Domain Reload Profiling:
	ReloadAssembly (1396ms)
		BeginReloadAssembly (171ms)
			ExecutionOrderSort (0ms)
			DisableScriptedObjects (8ms)
			BackupInstance (0ms)
			ReleaseScriptingObjects (0ms)
			CreateAndSetChildDomain (39ms)
		EndReloadAssembly (1119ms)
			LoadAssemblies (125ms)
			RebuildTransferFunctionScriptingTraits (0ms)
			SetupTypeCache (277ms)
			ReleaseScriptCaches (2ms)
			RebuildScriptCaches (63ms)
			SetupLoadedEditorAssemblies (616ms)
				LogAssemblyErrors (0ms)
				InitializePlatformSupportModulesInManaged (19ms)
				SetLoadedEditorAssemblies (0ms)
				RefreshPlugins (1ms)
				BeforeProcessingInitializeOnLoad (85ms)
				ProcessInitializeOnLoadAttributes (418ms)
				ProcessInitializeOnLoadMethodAttributes (88ms)
				AfterProcessingInitializeOnLoad (3ms)
				EditorAssembliesLoaded (0ms)
			ExecutionOrderSort2 (0ms)
			AwakeInstancesAfterBackupRestoration (7ms)
Platform modules already initialized, skipping
Refreshing native plugins compatible for Editor in 2.01 ms, found 2 plugins.
Preloading 0 native plugins for Editor in 0.00 ms.
Unloading 3254 Unused Serialized files (Serialized files now loaded: 0)
Unloading 22 unused Assets / (378.6 KB). Loaded Objects now: 3887.
Memory consumption went from 160.8 MB to 160.5 MB.
Total: 4.119500 ms (FindLiveObjects: 0.237600 ms CreateObjectMapping: 0.073200 ms MarkObjects: 3.525700 ms  DeleteObjects: 0.281500 ms)

AssetImportParameters requested are different than current active one (requested -> active):
  custom:video-decoder-ogg-theora: a1e56fd34408186e4bbccfd4996cb3dc -> 
  custom:container-muxer-webm: aa71ff27fc2769a1b78a27578f13a17b -> 
  custom:container-demuxer-webm: 4f35f7cbe854078d1ac9338744f61a02 -> 
  custom:video-encoder-webm-vp8: eb34c28f22e8b96e1ab97ce403110664 -> 
  custom:audio-encoder-webm-vorbis: bf7c407c2cedff20999df2af8eb42d56 -> 
  custom:framework-win-MediaFoundation: 216162199b28c13a410421893ffa2e32 -> 
  custom:container-demuxer-ogg: 62fdf1f143b41e24485cea50d1cbac27 -> 
  custom:video-decoder-webm-vp8: 9c59270c3fd7afecdb556c50c9e8de78 -> 
  custom:audio-decoder-ogg-vorbis: bf7c407c2cedff20999df2af8eb42d56 -> 
========================================================================
Received Prepare
Registering precompiled user dll's ...
Registered in 0.004903 seconds.
Begin MonoManager ReloadAssembly
Native extension for WindowsStandalone target not found
Native extension for Android target not found
Refreshing native plugins compatible for Editor in 0.69 ms, found 2 plugins.
Preloading 0 native plugins for Editor in 0.00 ms.
Mono: successfully reloaded assembly
- Completed reload, in  1.567 seconds
Domain Reload Profiling:
	ReloadAssembly (1568ms)
		BeginReloadAssembly (199ms)
			ExecutionOrderSort (0ms)
			DisableScriptedObjects (12ms)
			BackupInstance (0ms)
			ReleaseScriptingObjects (0ms)
			CreateAndSetChildDomain (48ms)
		EndReloadAssembly (1261ms)
			LoadAssemblies (141ms)
			RebuildTransferFunctionScriptingTraits (0ms)
			SetupTypeCache (246ms)
			ReleaseScriptCaches (2ms)
			RebuildScriptCaches (79ms)
			SetupLoadedEditorAssemblies (753ms)
				LogAssemblyErrors (0ms)
				InitializePlatformSupportModulesInManaged (19ms)
				SetLoadedEditorAssemblies (0ms)
				RefreshPlugins (1ms)
				BeforeProcessingInitializeOnLoad (105ms)
				ProcessInitializeOnLoadAttributes (532ms)
				ProcessInitializeOnLoadMethodAttributes (92ms)
				AfterProcessingInitializeOnLoad (3ms)
				EditorAssembliesLoaded (0ms)
			ExecutionOrderSort2 (0ms)
			AwakeInstancesAfterBackupRestoration (9ms)
Platform modules already initialized, skipping
Refreshing native plugins compatible for Editor in 2.24 ms, found 2 plugins.
Preloading 0 native plugins for Editor in 0.00 ms.
Unloading 3254 Unused Serialized files (Serialized files now loaded: 0)
Unloading 22 unused Assets / (378.7 KB). Loaded Objects now: 3890.
Memory consumption went from 160.8 MB to 160.5 MB.
Total: 4.525700 ms (FindLiveObjects: 0.260700 ms CreateObjectMapping: 0.086500 ms MarkObjects: 3.893000 ms  DeleteObjects: 0.284300 ms)

AssetImportParameters requested are different than current active one (requested -> active):
  custom:video-decoder-ogg-theora: a1e56fd34408186e4bbccfd4996cb3dc -> 
  custom:container-muxer-webm: aa71ff27fc2769a1b78a27578f13a17b -> 
  custom:container-demuxer-webm: 4f35f7cbe854078d1ac9338744f61a02 -> 
  custom:video-encoder-webm-vp8: eb34c28f22e8b96e1ab97ce403110664 -> 
  custom:audio-encoder-webm-vorbis: bf7c407c2cedff20999df2af8eb42d56 -> 
  custom:framework-win-MediaFoundation: 216162199b28c13a410421893ffa2e32 -> 
  custom:container-demuxer-ogg: 62fdf1f143b41e24485cea50d1cbac27 -> 
  custom:video-decoder-webm-vp8: 9c59270c3fd7afecdb556c50c9e8de78 -> 
  custom:audio-decoder-ogg-vorbis: bf7c407c2cedff20999df2af8eb42d56 -> 
========================================================================
Received Prepare
Registering precompiled user dll's ...
Registered in 0.006980 seconds.
Begin MonoManager ReloadAssembly
Native extension for WindowsStandalone target not found
Native extension for Android target not found
Refreshing native plugins compatible for Editor in 0.72 ms, found 2 plugins.
Preloading 0 native plugins for Editor in 0.00 ms.
Mono: successfully reloaded assembly
- Completed reload, in  1.355 seconds
Domain Reload Profiling:
	ReloadAssembly (1355ms)
		BeginReloadAssembly (179ms)
			ExecutionOrderSort (0ms)
			DisableScriptedObjects (9ms)
			BackupInstance (0ms)
			ReleaseScriptingObjects (0ms)
			CreateAndSetChildDomain (40ms)
		EndReloadAssembly (1068ms)
			LoadAssemblies (126ms)
			RebuildTransferFunctionScriptingTraits (0ms)
			SetupTypeCache (236ms)
			ReleaseScriptCaches (2ms)
			RebuildScriptCaches (64ms)
			SetupLoadedEditorAssemblies (607ms)
				LogAssemblyErrors (0ms)
				InitializePlatformSupportModulesInManaged (19ms)
				SetLoadedEditorAssemblies (0ms)
				RefreshPlugins (1ms)
				BeforeProcessingInitializeOnLoad (85ms)
				ProcessInitializeOnLoadAttributes (423ms)
				ProcessInitializeOnLoadMethodAttributes (76ms)
				AfterProcessingInitializeOnLoad (3ms)
				EditorAssembliesLoaded (0ms)
			ExecutionOrderSort2 (0ms)
			AwakeInstancesAfterBackupRestoration (7ms)
Platform modules already initialized, skipping
Refreshing native plugins compatible for Editor in 1.89 ms, found 2 plugins.
Preloading 0 native plugins for Editor in 0.00 ms.
Unloading 3254 Unused Serialized files (Serialized files now loaded: 0)
Unloading 22 unused Assets / (378.8 KB). Loaded Objects now: 3893.
Memory consumption went from 160.9 MB to 160.5 MB.
Total: 4.113400 ms (FindLiveObjects: 0.244500 ms CreateObjectMapping: 0.075700 ms MarkObjects: 3.533100 ms  DeleteObjects: 0.258600 ms)

AssetImportParameters requested are different than current active one (requested -> active):
  custom:video-decoder-ogg-theora: a1e56fd34408186e4bbccfd4996cb3dc -> 
  custom:container-muxer-webm: aa71ff27fc2769a1b78a27578f13a17b -> 
  custom:container-demuxer-webm: 4f35f7cbe854078d1ac9338744f61a02 -> 
  custom:video-encoder-webm-vp8: eb34c28f22e8b96e1ab97ce403110664 -> 
  custom:audio-encoder-webm-vorbis: bf7c407c2cedff20999df2af8eb42d56 -> 
  custom:framework-win-MediaFoundation: 216162199b28c13a410421893ffa2e32 -> 
  custom:container-demuxer-ogg: 62fdf1f143b41e24485cea50d1cbac27 -> 
  custom:video-decoder-webm-vp8: 9c59270c3fd7afecdb556c50c9e8de78 -> 
  custom:audio-decoder-ogg-vorbis: bf7c407c2cedff20999df2af8eb42d56 -> 
========================================================================
Received Import Request.
  Time since last request: 471.984384 seconds.
  path: Assets/_SCENES/Gravity.unity
  artifactKey: Guid(d7658c96f80fe7d44a7e36ef698eff6c) Importer(815301076,1909f56bfc062723c751e8b465ee728b)
Start importing Assets/_SCENES/Gravity.unity using Guid(d7658c96f80fe7d44a7e36ef698eff6c) Importer(815301076,1909f56bfc062723c751e8b465ee728b)  -> (artifact id: '2100baec5d15000e5c37deb94f4ee5e4') in 0.013467 seconds 
========================================================================
Received Import Request.
  Time since last request: 11.955466 seconds.
  path: Assets/_SCENES/Snake.unity
  artifactKey: Guid(3589ae54067044a4a85b34fbe3337f4c) Importer(815301076,1909f56bfc062723c751e8b465ee728b)
Start importing Assets/_SCENES/Snake.unity using Guid(3589ae54067044a4a85b34fbe3337f4c) Importer(815301076,1909f56bfc062723c751e8b465ee728b)  -> (artifact id: 'ae8c4a42c7b56c81c64b9c73c5c2bcb2') in 0.007098 seconds 
========================================================================
Received Import Request.
  Time since last request: 571.698613 seconds.
  path: Assets/GAME/_PREFABS/Wave/Obstecles Prefab/Ball.prefab
  artifactKey: Guid(49c94fd50adee7c45ba235d27b61201f) Importer(815301076,1909f56bfc062723c751e8b465ee728b)
Start importing Assets/GAME/_PREFABS/Wave/Obstecles Prefab/Ball.prefab using Guid(49c94fd50adee7c45ba235d27b61201f) Importer(815301076,1909f56bfc062723c751e8b465ee728b)  -> (artifact id: '2db2a60e7ce51575d9e4a63ae09b35a5') in 0.251050 seconds 
========================================================================
Received Import Request.
  Time since last request: 10.554595 seconds.
  path: Assets/GAME/_PREFABS/Wave/Obstecles Prefab/Ball.prefab
  artifactKey: Guid(49c94fd50adee7c45ba235d27b61201f) Importer(815301076,1909f56bfc062723c751e8b465ee728b)
Start importing Assets/GAME/_PREFABS/Wave/Obstecles Prefab/Ball.prefab using Guid(49c94fd50adee7c45ba235d27b61201f) Importer(815301076,1909f56bfc062723c751e8b465ee728b)  -> (artifact id: '1e50f4bb5ad194c1e853300b85570749') in 0.027441 seconds 
========================================================================
Received Import Request.
  Time since last request: 3.251670 seconds.
  path: Assets/GAME/_PREFABS/Wave/Obstecles Prefab/Column (5).prefab
  artifactKey: Guid(ed89e1c77942ae4448b3922d5f052858) Importer(815301076,1909f56bfc062723c751e8b465ee728b)
Start importing Assets/GAME/_PREFABS/Wave/Obstecles Prefab/Column (5).prefab using Guid(ed89e1c77942ae4448b3922d5f052858) Importer(815301076,1909f56bfc062723c751e8b465ee728b)  -> (artifact id: 'cc25ccefb0d5c2551cee38fcc4da05ac') in 0.025375 seconds 
========================================================================
Received Import Request.
  Time since last request: 0.825480 seconds.
  path: Assets/GAME/_PREFABS/Wave/Obstecles Prefab/Square.prefab
  artifactKey: Guid(7797a1aa435f2e64eb7c1d7a82c8471e) Importer(815301076,1909f56bfc062723c751e8b465ee728b)
Start importing Assets/GAME/_PREFABS/Wave/Obstecles Prefab/Square.prefab using Guid(7797a1aa435f2e64eb7c1d7a82c8471e) Importer(815301076,1909f56bfc062723c751e8b465ee728b)  -> (artifact id: 'caa3454e2c3856c72b8b828ecacc248c') in 0.016081 seconds 
========================================================================
Received Import Request.
  Time since last request: 194.763092 seconds.
  path: Assets/GAME/_PREFABS/Wave/Obstecles Prefab/Column.prefab
  artifactKey: Guid(44579ca4833717f4eb8034a39b466aef) Importer(815301076,1909f56bfc062723c751e8b465ee728b)
Start importing Assets/GAME/_PREFABS/Wave/Obstecles Prefab/Column.prefab using Guid(44579ca4833717f4eb8034a39b466aef) Importer(815301076,1909f56bfc062723c751e8b465ee728b)  -> (artifact id: '8b8c6d8791784f2a47e787c2cc81a11c') in 0.014989 seconds 
========================================================================
Received Import Request.
  Time since last request: 255.356038 seconds.
  path: Assets/GAME/_PREFABS/Wave/Obstecles Prefab/Column.prefab
  artifactKey: Guid(44579ca4833717f4eb8034a39b466aef) Importer(815301076,1909f56bfc062723c751e8b465ee728b)
Start importing Assets/GAME/_PREFABS/Wave/Obstecles Prefab/Column.prefab using Guid(44579ca4833717f4eb8034a39b466aef) Importer(815301076,1909f56bfc062723c751e8b465ee728b)  -> (artifact id: '5368a61c4c1765938e6c0fb1987c9343') in 0.019322 seconds 
========================================================================
Received Import Request.
  Time since last request: 707.533066 seconds.
  path: Assets/GAME/_PREFABS/Wave/Obstecles Prefab/Column.prefab
  artifactKey: Guid(44579ca4833717f4eb8034a39b466aef) Importer(815301076,1909f56bfc062723c751e8b465ee728b)
Start importing Assets/GAME/_PREFABS/Wave/Obstecles Prefab/Column.prefab using Guid(44579ca4833717f4eb8034a39b466aef) Importer(815301076,1909f56bfc062723c751e8b465ee728b)  -> (artifact id: '3e606dae01ab2544e490e50fb22946f1') in 0.016992 seconds 
========================================================================
Received Import Request.
  Time since last request: 8.999036 seconds.
  path: Assets/GAME/_PREFABS/Wave/Obstecles Prefab/Column(3).prefab
  artifactKey: Guid(44579ca4833717f4eb8034a39b466aef) Importer(815301076,1909f56bfc062723c751e8b465ee728b)
Start importing Assets/GAME/_PREFABS/Wave/Obstecles Prefab/Column(3).prefab using Guid(44579ca4833717f4eb8034a39b466aef) Importer(815301076,1909f56bfc062723c751e8b465ee728b)  -> (artifact id: 'cee723694af6daf24f22cf7f5f40141d') in 0.015012 seconds 
========================================================================
Received Import Request.
  Time since last request: 6.459240 seconds.
  path: Assets/GAME/_PREFABS/Wave/Obstecles Prefab/Column.prefab
  artifactKey: Guid(0d138ccf82886c34990ee6806189bf93) Importer(815301076,1909f56bfc062723c751e8b465ee728b)
Start importing Assets/GAME/_PREFABS/Wave/Obstecles Prefab/Column.prefab using Guid(0d138ccf82886c34990ee6806189bf93) Importer(815301076,1909f56bfc062723c751e8b465ee728b)  -> (artifact id: 'eab27a3ae26cd987eba64977a9d4e36b') in 0.018486 seconds 
========================================================================
Received Import Request.
  Time since last request: 7.119155 seconds.
  path: Assets/GAME/_PREFABS/Wave/Obstecles Prefab/Column_1.prefab
  artifactKey: Guid(0d138ccf82886c34990ee6806189bf93) Importer(815301076,1909f56bfc062723c751e8b465ee728b)
Start importing Assets/GAME/_PREFABS/Wave/Obstecles Prefab/Column_1.prefab using Guid(0d138ccf82886c34990ee6806189bf93) Importer(815301076,1909f56bfc062723c751e8b465ee728b)  -> (artifact id: '6218c6ef8715dd19f72668d7572f20d5') in 0.021217 seconds 
========================================================================
Received Import Request.
  Time since last request: 5.685520 seconds.
  path: Assets/GAME/_PREFABS/Wave/Obstecles Prefab/Column_3.prefab
  artifactKey: Guid(44579ca4833717f4eb8034a39b466aef) Importer(815301076,1909f56bfc062723c751e8b465ee728b)
Start importing Assets/GAME/_PREFABS/Wave/Obstecles Prefab/Column_3.prefab using Guid(44579ca4833717f4eb8034a39b466aef) Importer(815301076,1909f56bfc062723c751e8b465ee728b)  -> (artifact id: '7ee94be1ca69ccaa605596768f3c2733') in 0.027321 seconds 
========================================================================
Received Import Request.
  Time since last request: 6.008681 seconds.
  path: Assets/GAME/_PREFABS/Wave/Obstecles Prefab/Column 5.prefab
  artifactKey: Guid(ed89e1c77942ae4448b3922d5f052858) Importer(815301076,1909f56bfc062723c751e8b465ee728b)
Start importing Assets/GAME/_PREFABS/Wave/Obstecles Prefab/Column 5.prefab using Guid(ed89e1c77942ae4448b3922d5f052858) Importer(815301076,1909f56bfc062723c751e8b465ee728b)  -> (artifact id: 'cb26652a7cc80f7b36e392c13035477f') in 0.017904 seconds 
========================================================================
Received Import Request.
  Time since last request: 6.058636 seconds.
  path: Assets/GAME/_PREFABS/Wave/Obstecles Prefab/Column_5.prefab
  artifactKey: Guid(ed89e1c77942ae4448b3922d5f052858) Importer(815301076,1909f56bfc062723c751e8b465ee728b)
Start importing Assets/GAME/_PREFABS/Wave/Obstecles Prefab/Column_5.prefab using Guid(ed89e1c77942ae4448b3922d5f052858) Importer(815301076,1909f56bfc062723c751e8b465ee728b)  -> (artifact id: '7bf808fdedfc15392a09af04f9b28afa') in 0.021629 seconds 
========================================================================
Received Import Request.
  Time since last request: 430.050109 seconds.
  path: Assets/GAME/_PREFABS/Wave/Obstecles Prefab/Column_2.prefab
  artifactKey: Guid(4a1e8fb747f373a479bed03a3da7b448) Importer(815301076,1909f56bfc062723c751e8b465ee728b)
Start importing Assets/GAME/_PREFABS/Wave/Obstecles Prefab/Column_2.prefab using Guid(4a1e8fb747f373a479bed03a3da7b448) Importer(815301076,1909f56bfc062723c751e8b465ee728b)  -> (artifact id: '2f3c084d7e2f85d79fc7c6eb305e7f4c') in 0.020750 seconds 
========================================================================
Received Import Request.
  Time since last request: 280.188197 seconds.
  path: Assets/GAME/_PREFABS/Wave/Obstecles Prefab/Column_3.prefab
  artifactKey: Guid(44579ca4833717f4eb8034a39b466aef) Importer(815301076,1909f56bfc062723c751e8b465ee728b)
Start importing Assets/GAME/_PREFABS/Wave/Obstecles Prefab/Column_3.prefab using Guid(44579ca4833717f4eb8034a39b466aef) Importer(815301076,1909f56bfc062723c751e8b465ee728b)  -> (artifact id: 'daa80e06e7e47bafe3365ac57f01c090') in 0.015379 seconds 
========================================================================
Received Import Request.
  Time since last request: 256.068510 seconds.
  path: Assets/GAME/_PREFABS/Wave/Obstecles Prefab/Column_3.prefab
  artifactKey: Guid(44579ca4833717f4eb8034a39b466aef) Importer(815301076,1909f56bfc062723c751e8b465ee728b)
Start importing Assets/GAME/_PREFABS/Wave/Obstecles Prefab/Column_3.prefab using Guid(44579ca4833717f4eb8034a39b466aef) Importer(815301076,1909f56bfc062723c751e8b465ee728b)  -> (artifact id: 'b0282b60566c1369264790c0c13fb15e') in 0.031031 seconds 
========================================================================
Received Import Request.
  Time since last request: 4233.915642 seconds.
  path: Assets/GAME/_PREFABS/Wave/Obstecles Prefab/Column_6.prefab
  artifactKey: Guid(ed89e1c77942ae4448b3922d5f052858) Importer(815301076,1909f56bfc062723c751e8b465ee728b)
Start importing Assets/GAME/_PREFABS/Wave/Obstecles Prefab/Column_6.prefab using Guid(ed89e1c77942ae4448b3922d5f052858) Importer(815301076,1909f56bfc062723c751e8b465ee728b)  -> (artifact id: '24e2b5baca89dbd10f6d4cbde65bbcdb') in 0.054852 seconds 
========================================================================
Received Import Request.
  Time since last request: 157.583389 seconds.
  path: Assets/GAME/_PREFABS/Wave/Obstecles Prefab/Column_4.prefab
  artifactKey: Guid(d8f98a0a6b3e4534ca2b92b91283c599) Importer(815301076,1909f56bfc062723c751e8b465ee728b)
Start importing Assets/GAME/_PREFABS/Wave/Obstecles Prefab/Column_4.prefab using Guid(d8f98a0a6b3e4534ca2b92b91283c599) Importer(815301076,1909f56bfc062723c751e8b465ee728b)  -> (artifact id: '156bc8745693cb8547d68828b9c69894') in 0.021637 seconds 
========================================================================
Received Import Request.
  Time since last request: 2.590682 seconds.
  path: Assets/GAME/_PREFABS/Wave/Obstecles Prefab
  artifactKey: Guid(c19c07ec20ed0924c874b7ab247bb381) Importer(815301076,1909f56bfc062723c751e8b465ee728b)
Start importing Assets/GAME/_PREFABS/Wave/Obstecles Prefab using Guid(c19c07ec20ed0924c874b7ab247bb381) Importer(815301076,1909f56bfc062723c751e8b465ee728b)  -> (artifact id: 'e7dbadd6afa4cc6e0d9ee2e84b482fbb') in 0.006956 seconds 
